<?xml version="1.0" encoding="UTF-8"?>
<testng-results skipped="0" failed="0" ignored="0" total="1" passed="1">
  <reporter-output>
  </reporter-output>
  <suite name="Suite" duration-ms="7464" started-at="2019-08-27T02:21:36Z" finished-at="2019-08-27T02:21:43Z">
    <groups>
    </groups>
    <test name="Test" duration-ms="7464" started-at="2019-08-27T02:21:36Z" finished-at="2019-08-27T02:21:43Z">
      <class name="TestScripts">
        <test-method status="PASS" signature="testOne()[pri:0, instance:TestScripts@c038203]" name="testOne" duration-ms="7439" started-at="2019-08-27T02:21:36Z" finished-at="2019-08-27T02:21:43Z">
          <reporter-output>
          </reporter-output>
        </test-method> <!-- testOne -->
      </class> <!-- TestScripts -->
    </test> <!-- Test -->
  </suite> <!-- Suite -->
</testng-results>
